230713 062307.165|CONFIG|qtp257608164-71|log|Now logging to /home/leonid/WebTeamInterface-1.1/bin/logs directory.
230713 062307.165|INFO|qtp257608164-71|log|
230713 062307.166|INFO|qtp257608164-71|log|Version 9 () Java ver 17.0.7 build  Linux 6.1.0-9-amd64 (amd64) 
230713 062307.166|INFO|qtp257608164-71|log|Working directory is /home/leonid/WebTeamInterface-1.1/bin
230713 062307.166|INFO|qtp257608164-71|log|Process id is 2061@debian
230713 062307.166|INFO|qtp257608164-71|log|Starting ConnectionManager...
230713 062307.167|INFO|qtp257608164-71|log|Started ConnectionManager
230713 062307.167|INFO|qtp257608164-71|log|INIFile File location: file:/home/leonid/WebTeamInterface-1.1/bin/pc2v9.ini
230713 062307.167|INFO|qtp257608164-71|log|setClientServerAndPort localhost parsed as localhost port 50002
230713 062307.167|INFO|qtp257608164-71|log|Contacting server at localhost:50002
230713 062307.167|INFO|qtp257608164-71|log|Connecting to localhost:50002
230713 063241.582|INFO|Thread-97|log|EOFException in receive for Socket[addr=localhost/127.0.0.1,port=50002,localport=57790]-2330247013688159189
|java.io.EOFException: null
|    at java.io.ObjectInputStream$BlockDataInputStream.peekByte (ObjectInputStream.java:3214)
|    at java.io.ObjectInputStream.readObject0 (ObjectInputStream.java:1684)
|    at java.io.ObjectInputStream.readObject (ObjectInputStream.java:509)
|    at java.io.ObjectInputStream.readObject (ObjectInputStream.java:467)
|    at edu.csus.ecs.pc2.core.transport.ConnectionHandlerThread.receive (ConnectionHandlerThread.java:152)
|    at edu.csus.ecs.pc2.core.transport.ConnectionHandlerClientThread.run (ConnectionHandlerClientThread.java:66)
230713 063241.582|FINER|Thread-97|run|THROW
|edu.csus.ecs.pc2.core.transport.TransportException: null
|    at edu.csus.ecs.pc2.core.transport.ConnectionHandlerThread.receive (ConnectionHandlerThread.java:159)
|    at edu.csus.ecs.pc2.core.transport.ConnectionHandlerClientThread.run (ConnectionHandlerClientThread.java:66)
230713 063241.582|FINER|Thread-97|run - e.getmessage is null()|THROW
|edu.csus.ecs.pc2.core.transport.TransportException: null
|    at edu.csus.ecs.pc2.core.transport.ConnectionHandlerThread.receive (ConnectionHandlerThread.java:159)
|    at edu.csus.ecs.pc2.core.transport.ConnectionHandlerClientThread.run (ConnectionHandlerClientThread.java:66)
