230713 060809.264|CONFIG|qtp257608164-19|log|Now logging to /home/leonid/WebTeamInterface-1.1/bin/logs directory.
230713 060809.264|INFO|qtp257608164-19|log|
230713 060809.264|INFO|qtp257608164-19|log|Version 9 () Java ver 17.0.7 build  Linux 6.1.0-9-amd64 (amd64) 
230713 060809.264|INFO|qtp257608164-19|log|Working directory is /home/leonid/WebTeamInterface-1.1/bin
230713 060809.265|INFO|qtp257608164-19|log|Process id is 2061@debian
230713 060809.265|INFO|qtp257608164-19|log|Starting ConnectionManager...
230713 060809.269|INFO|qtp257608164-19|log|Started ConnectionManager
230713 060809.269|INFO|qtp257608164-19|log|INIFile File location: file:/home/leonid/WebTeamInterface-1.1/bin/pc2v9.ini
230713 060809.269|INFO|qtp257608164-19|log|setClientServerAndPort localhost parsed as localhost port 50002
230713 060809.269|INFO|qtp257608164-19|log|Contacting server at localhost:50002
230713 060809.269|INFO|qtp257608164-19|log|Connecting to localhost:50002
230713 061231.183|INFO|Thread-23|log|EOFException in receive for Socket[addr=localhost/127.0.0.1,port=50002,localport=53148]-1642816982907069769
|java.io.EOFException: null
|    at java.io.ObjectInputStream$BlockDataInputStream.peekByte (ObjectInputStream.java:3214)
|    at java.io.ObjectInputStream.readObject0 (ObjectInputStream.java:1684)
|    at java.io.ObjectInputStream.readObject (ObjectInputStream.java:509)
|    at java.io.ObjectInputStream.readObject (ObjectInputStream.java:467)
|    at edu.csus.ecs.pc2.core.transport.ConnectionHandlerThread.receive (ConnectionHandlerThread.java:152)
|    at edu.csus.ecs.pc2.core.transport.ConnectionHandlerClientThread.run (ConnectionHandlerClientThread.java:66)
230713 061231.183|FINER|Thread-23|run|THROW
|edu.csus.ecs.pc2.core.transport.TransportException: null
|    at edu.csus.ecs.pc2.core.transport.ConnectionHandlerThread.receive (ConnectionHandlerThread.java:159)
|    at edu.csus.ecs.pc2.core.transport.ConnectionHandlerClientThread.run (ConnectionHandlerClientThread.java:66)
230713 061231.183|FINER|Thread-23|run - e.getmessage is null()|THROW
|edu.csus.ecs.pc2.core.transport.TransportException: null
|    at edu.csus.ecs.pc2.core.transport.ConnectionHandlerThread.receive (ConnectionHandlerThread.java:159)
|    at edu.csus.ecs.pc2.core.transport.ConnectionHandlerClientThread.run (ConnectionHandlerClientThread.java:66)
