230705 081748.047|CONFIG|Thread-25|log|Now logging to /home/leonid/WebTeamInterface-1.1/bin/logs directory.
230705 081748.047|INFO|Thread-25|log|
230705 081748.048|INFO|Thread-25|log|Version 9 () Java ver 17.0.7 build  Linux 6.1.0-9-amd64 (amd64) 
230705 081748.048|INFO|Thread-25|log|Login: team1 (aka team1)
230705 081748.048|INFO|Thread-25|log|Working directory is /home/leonid/WebTeamInterface-1.1/bin
230705 081748.048|INFO|Thread-25|log|Process id is 10782@debian
230705 081748.048|INFO|Thread-25|log| handlePacket original LOGIN_SUCCESS after -- all settings loaded 
230705 081748.048|INFO|Thread-25|log|handlePacket end Packet[LOGIN_SUCCESS] #91 SERVER0 @ site 1 -> TEAM1 @ site 1
230705 081748.048|INFO|Thread-25|log| receiveObject(S) end   got Packet[LOGIN_SUCCESS] #91 SERVER0 @ site 1 -> TEAM1 @ site 1
230705 081904.926|CONFIG|Thread-25|log|Now logging to /home/leonid/WebTeamInterface-1.1/bin/logs directory.
230705 081904.927|INFO|Thread-25|log|
230705 081904.927|INFO|Thread-25|log|Version 9 () Java ver 17.0.7 build  Linux 6.1.0-9-amd64 (amd64) 
230705 081904.927|INFO|Thread-25|log|Login: team1 (aka team1)
230705 081904.927|INFO|Thread-25|log|Working directory is /home/leonid/WebTeamInterface-1.1/bin
230705 081904.927|INFO|Thread-25|log|Process id is 10951@debian
230705 081904.927|INFO|Thread-25|log| handlePacket original LOGIN_SUCCESS after -- all settings loaded 
230705 081904.927|INFO|Thread-25|log|handlePacket end Packet[LOGIN_SUCCESS] #111 SERVER0 @ site 1 -> TEAM1 @ site 1
230705 081904.927|INFO|Thread-25|log| receiveObject(S) end   got Packet[LOGIN_SUCCESS] #111 SERVER0 @ site 1 -> TEAM1 @ site 1
230705 082121.291|CONFIG|Thread-25|log|Now logging to /home/leonid/WebTeamInterface-1.1/bin/logs directory.
230705 082121.291|INFO|Thread-25|log|
230705 082121.291|INFO|Thread-25|log|Version 9 () Java ver 17.0.7 build  Linux 6.1.0-9-amd64 (amd64) 
230705 082121.291|INFO|Thread-25|log|Login: team1 (aka team1)
230705 082121.291|INFO|Thread-25|log|Working directory is /home/leonid/WebTeamInterface-1.1/bin
230705 082121.291|INFO|Thread-25|log|Process id is 11181@debian
230705 082121.291|INFO|Thread-25|log| handlePacket original LOGIN_SUCCESS after -- all settings loaded 
230705 082121.291|INFO|Thread-25|log|handlePacket end Packet[LOGIN_SUCCESS] #131 SERVER0 @ site 1 -> TEAM1 @ site 1
230705 082121.291|INFO|Thread-25|log| receiveObject(S) end   got Packet[LOGIN_SUCCESS] #131 SERVER0 @ site 1 -> TEAM1 @ site 1
230713 060809.384|CONFIG|Thread-25|log|Now logging to /home/leonid/WebTeamInterface-1.1/bin/logs directory.
230713 060809.385|INFO|Thread-25|log|
230713 060809.385|INFO|Thread-25|log|Version 9 () Java ver 17.0.7 build  Linux 6.1.0-9-amd64 (amd64) 
230713 060809.385|INFO|Thread-25|log|Login: team1 (aka team1)
230713 060809.385|INFO|Thread-25|log|Working directory is /home/leonid/WebTeamInterface-1.1/bin
230713 060809.385|INFO|Thread-25|log|Process id is 2061@debian
230713 060809.385|INFO|Thread-25|log| handlePacket original LOGIN_SUCCESS after -- all settings loaded 
230713 060809.386|INFO|Thread-25|log|handlePacket end Packet[LOGIN_SUCCESS] #22 SERVER0 @ site 1 -> TEAM1 @ site 1
230713 060809.386|INFO|Thread-25|log| receiveObject(S) end   got Packet[LOGIN_SUCCESS] #22 SERVER0 @ site 1 -> TEAM1 @ site 1
230713 061108.388|INFO|Thread-39|log| receiveObject(S) start got Packet[ADD_SETTING] #28 SERVER0 @ site 1 -> SERVER0 @ site 0
230713 061108.388|INFO|Thread-39|log|Packet ADD_SETTING (Seq #28, o#6 ) recieveObject
230713 061108.388|INFO|Thread-39|log|  From: SERVER0 @ site 1, oADMINISTRATOR1 @ site 1 (debian @ 127.0.1.1) (Contest Id: Default-9016445944726128161)
230713 061108.388|INFO|Thread-39|log|    To: SERVER0 @ site 0
230713 061108.388|INFO|Thread-39|log|   key: PROBLEM is: edu.csus.ecs.pc2.core.model.Problem 123
230713 061108.388|INFO|Thread-39|log|handlePacket start Packet[ADD_SETTING] #28 SERVER0 @ site 1 -> SERVER0 @ site 0
230713 061108.389|INFO|Thread-39|log|Packet ADD_SETTING (Seq #28, o#6 ) handlePacket
230713 061108.389|INFO|Thread-39|log|  From: SERVER0 @ site 1, oADMINISTRATOR1 @ site 1 (debian @ 127.0.1.1) (Contest Id: Default-9016445944726128161)
230713 061108.389|INFO|Thread-39|log|    To: SERVER0 @ site 0
230713 061108.389|INFO|Thread-39|log|   key: PROBLEM is: edu.csus.ecs.pc2.core.model.Problem 123
230713 061108.395|INFO|Thread-39|log|handlePacket end Packet[ADD_SETTING] #28 SERVER0 @ site 1 -> SERVER0 @ site 0
230713 061108.396|INFO|Thread-39|log| receiveObject(S) end   got Packet[ADD_SETTING] #28 SERVER0 @ site 1 -> SERVER0 @ site 0
230713 061228.824|INFO|Thread-44|log| receiveObject(S) start got Packet[CLOCK_STARTED] #35 SERVER0 @ site 1 -> SERVER0 @ site 0
230713 061228.824|INFO|Thread-44|log|Packet CLOCK_STARTED (Seq #35, o#35 ) recieveObject
230713 061228.824|INFO|Thread-44|log|  From: SERVER0 @ site 1, oSERVER0 @ site 1 (debian @ 127.0.1.1) (Contest Id: Default-9016445944726128161)
230713 061228.824|INFO|Thread-44|log|    To: SERVER0 @ site 0
230713 061228.824|INFO|Thread-44|log|   key: SITE_NUMBER is: java.lang.Integer 1
230713 061228.824|INFO|Thread-44|log|   key: CLIENT_ID is: edu.csus.ecs.pc2.core.model.ClientId SERVER0 @ site 1
230713 061228.825|INFO|Thread-44|log|   key: SERVER_CLOCK_OFFSET is: java.util.GregorianCalendar java.util.GregorianCalendar[time=1689243148821,areFieldsSet=true,areAllFieldsSet=false,lenient=true,zone=sun.util.calendar.ZoneInfo[id="GMT",offset=0,dstSavings=0,useDaylight=false,transitions=0,lastRule=null],firstDayOfWeek=1,minimalDaysInFirstWeek=1,ERA=1,YEAR=2023,MONTH=6,WEEK_OF_YEAR=28,WEEK_OF_MONTH=3,DAY_OF_MONTH=13,DAY_OF_YEAR=194,DAY_OF_WEEK=5,DAY_OF_WEEK_IN_MONTH=2,AM_PM=0,HOUR=10,HOUR_OF_DAY=10,MINUTE=12,SECOND=28,MILLISECOND=821,ZONE_OFFSET=0,DST_OFFSET=0]
230713 061228.826|INFO|Thread-44|log|handlePacket start Packet[CLOCK_STARTED] #35 SERVER0 @ site 1 -> SERVER0 @ site 0
230713 061228.826|INFO|Thread-44|log|Packet CLOCK_STARTED (Seq #35, o#35 ) handlePacket
230713 061228.826|INFO|Thread-44|log|  From: SERVER0 @ site 1, oSERVER0 @ site 1 (debian @ 127.0.1.1) (Contest Id: Default-9016445944726128161)
230713 061228.826|INFO|Thread-44|log|    To: SERVER0 @ site 0
230713 061228.826|INFO|Thread-44|log|   key: SITE_NUMBER is: java.lang.Integer 1
230713 061228.827|INFO|Thread-44|log|   key: CLIENT_ID is: edu.csus.ecs.pc2.core.model.ClientId SERVER0 @ site 1
230713 061228.828|INFO|Thread-44|log|   key: SERVER_CLOCK_OFFSET is: java.util.GregorianCalendar java.util.GregorianCalendar[time=1689243148821,areFieldsSet=true,areAllFieldsSet=false,lenient=true,zone=sun.util.calendar.ZoneInfo[id="GMT",offset=0,dstSavings=0,useDaylight=false,transitions=0,lastRule=null],firstDayOfWeek=1,minimalDaysInFirstWeek=1,ERA=1,YEAR=2023,MONTH=6,WEEK_OF_YEAR=28,WEEK_OF_MONTH=3,DAY_OF_MONTH=13,DAY_OF_YEAR=194,DAY_OF_WEEK=5,DAY_OF_WEEK_IN_MONTH=2,AM_PM=0,HOUR=10,HOUR_OF_DAY=10,MINUTE=12,SECOND=28,MILLISECOND=821,ZONE_OFFSET=0,DST_OFFSET=0]
230713 061228.834|INFO|Thread-44|log|Clock for site 1 started by SERVER0 @ site 1 elapsed 0:00:00
230713 061228.835|INFO|Thread-44|log| receiveObject(S) end   got Packet[CLOCK_STARTED] #35 SERVER0 @ site 1 -> SERVER0 @ site 0
230713 061231.123|INFO|qtp257608164-25|log|Sending packet to server Packet[LOGOUT] #5 TEAM1 @ site 1 -> SERVER0 @ site 1
230713 061231.123|INFO|qtp257608164-25|log|Sent    packet to server Packet[LOGOUT] #5 TEAM1 @ site 1 -> SERVER0 @ site 1
