230713 061821.456|CONFIG|qtp257608164-23|log|Now logging to /home/leonid/WebTeamInterface-1.1/bin/logs directory.
230713 061821.456|INFO|qtp257608164-23|log|
230713 061821.456|INFO|qtp257608164-23|log|Version 9 () Java ver 17.0.7 build  Linux 6.1.0-9-amd64 (amd64) 
230713 061821.456|INFO|qtp257608164-23|log|Login: team1 (aka team1)
230713 061821.456|INFO|qtp257608164-23|log|Working directory is /home/leonid/WebTeamInterface-1.1/bin
230713 061821.456|INFO|qtp257608164-23|log|Process id is 2061@debian
230713 061821.456|INFO|qtp257608164-23|log|Contacting server at localhost:50002 as TEAM1 @ site 0
230713 061821.456|INFO|qtp257608164-23|log|sendLoginRequest start - sending from TEAM1 @ site 0
230713 061821.456|INFO|qtp257608164-23|log|Sending packet to server Packet[LOGIN_REQUEST] #8 TEAM1 @ site 0 -> SERVER0 @ site 0
230713 061821.457|INFO|qtp257608164-23|log|Sent    packet to server Packet[LOGIN_REQUEST] #8 TEAM1 @ site 0 -> SERVER0 @ site 0
230713 061821.457|INFO|qtp257608164-23|log|sendLoginRequest end - packet sent.
230713 061821.457|INFO|Thread-64|log|send(Serializable)
230713 061821.466|INFO|Thread-63|log|receiveUnencrypted(TransportWrapper, ConnectionHandlerID=Socket[addr=localhost/127.0.0.1,port=50002,localport=57952]--8852647246834020390)
230713 061821.467|INFO|Thread-63|log|receiveUnencrypted Made a secret key for Socket[addr=localhost/127.0.0.1,port=50002,localport=57952]--8852647246834020390 key is com.sun.crypto.provider.DESKey@187f5
230713 061821.467|INFO|Thread-63|log|Generating Unencrypted Public Key Packet
230713 061821.467|INFO|Thread-63|log|checking key:= SunJCE Diffie-Hellman Public Key:
y:
    8fef555e c07ef558 852b129b 32832414 b2d3e7f1 72b6e6df 9c143c19 4cce915f
    3b4f36de e3620a93 bf51f4a9 1192d2ce ba4b0df3 c817ac9d 0dc1b1bb 730b7433
    be245d3e 5ba79980 54345085 be21bd2f 9fe42fdc 8bc469bc d2e7f8b6 d3268d4f
    a84e9ec5 9b148545 f88c1e5d c172ba07 8cc14a4f dae5f5ac ef5b1429 176ebe36
p:
    f488fd58 4e49dbcd 20b49de4 9107366b 336c380d 451d0f7c 88b31c7c 5b2d8ef6
    f3c923c0 43f0a55b 188d8ebb 558cb85d 38d334fd 7c175743 a31d186c de33212c
    b52aff3c e1b12940 18118d7c 84a70a72 d686c403 19c80729 7aca950c d9969fab
    d00a509b 0246d308 3d66a45d 419f9c7c bd894b22 1926baab a25ec355 e92f78c7
g:
    02
l:
    512
230713 061821.468|INFO|Thread-63|log|packet:= edu.csus.ecs.pc2.core.transport.TransportWrapper@5949139a
230713 061821.598|INFO|Thread-63|log|public void receive(SealedObject TransportPacket, ConnectionHandlerID connectionHandlerID)
230713 061821.603|INFO|Thread-65|log| receiveObject(S) start got Packet[LOGIN_SUCCESS] #52 SERVER0 @ site 1 -> TEAM1 @ site 1
230713 061821.604|INFO|Thread-65|log|Packet LOGIN_SUCCESS (Seq #52, o#52 ) recieveObject
230713 061821.604|INFO|Thread-65|log|  From: SERVER0 @ site 1, oSERVER0 @ site 1 (debian @ 127.0.1.1) (Contest Id: Default-9016445944726128161)
230713 061821.604|INFO|Thread-65|log|    To: TEAM1 @ site 1
230713 061821.604|INFO|Thread-65|log|   key: PROFILE_LIST is: [Ledu.csus.ecs.pc2.core.model.Profile; [Ledu.csus.ecs.pc2.core.model.Profile;@35421ecd
230713 061821.604|INFO|Thread-65|log|   key: GENERAL_PROBLEM is: edu.csus.ecs.pc2.core.model.Problem General
230713 061821.604|INFO|Thread-65|log|   key: CLIENT_SETTINGS_LIST is: [Ledu.csus.ecs.pc2.core.model.ClientSettings; [Ledu.csus.ecs.pc2.core.model.ClientSettings;@3b85e615
230713 061821.604|INFO|Thread-65|log|   key: CONTEST_TIME is: edu.csus.ecs.pc2.core.model.ContestTime edu.csus.ecs.pc2.core.model.ContestTime@3fba75bd
230713 061821.604|INFO|Thread-65|log|   key: CLARIFICATION_LIST is: [Ledu.csus.ecs.pc2.core.model.Clarification; [Ledu.csus.ecs.pc2.core.model.Clarification;@7ab8ec2e
230713 061821.604|INFO|Thread-65|log|   key: CATEGORY_LIST is: [Ledu.csus.ecs.pc2.core.model.Category; [Ledu.csus.ecs.pc2.core.model.Category;@5f2931c2
230713 061821.604|INFO|Thread-65|log|   key: LANGUAGE_LIST is: [Ledu.csus.ecs.pc2.core.model.Language; [Ledu.csus.ecs.pc2.core.model.Language;@4b08d17c
230713 061821.604|INFO|Thread-65|log|   key: REMOTE_LOGGED_IN_USERS is: [Ledu.csus.ecs.pc2.core.model.ClientId; [Ledu.csus.ecs.pc2.core.model.ClientId;@2773523d
230713 061821.604|INFO|Thread-65|log|   key: CONTEST_TIME_LIST is: [Ledu.csus.ecs.pc2.core.model.ContestTime; [Ledu.csus.ecs.pc2.core.model.ContestTime;@1a971361
230713 061821.604|INFO|Thread-65|log|   key: CONNECTION_HANDLE_ID_LIST is: [Ledu.csus.ecs.pc2.core.transport.ConnectionHandlerID; [Ledu.csus.ecs.pc2.core.transport.ConnectionHandlerID;@ca696d0
230713 061821.604|INFO|Thread-65|log|   key: PROFILE is: edu.csus.ecs.pc2.core.model.Profile Default--2744520025605766836
230713 061821.604|INFO|Thread-65|log|   key: CLIENT_ID is: edu.csus.ecs.pc2.core.model.ClientId TEAM1 @ site 1
230713 061821.604|INFO|Thread-65|log|   key: SITE_NUMBER is: java.lang.Integer 1
230713 061821.604|INFO|Thread-65|log|   key: CONTEST_INFORMATION is: edu.csus.ecs.pc2.core.model.ContestInformation edu.csus.ecs.pc2.core.model.ContestInformation@1283509
230713 061821.604|INFO|Thread-65|log|   key: SITE_LIST is: [Ledu.csus.ecs.pc2.core.model.Site; [Ledu.csus.ecs.pc2.core.model.Site;@3c777dab
230713 061821.604|INFO|Thread-65|log|   key: PROBLEM_DATA_FILES is: [Ledu.csus.ecs.pc2.core.model.ProblemDataFiles; [Ledu.csus.ecs.pc2.core.model.ProblemDataFiles;@1ed96d5f
230713 061821.604|INFO|Thread-65|log|   key: JUDGEMENT_LIST is: [Ledu.csus.ecs.pc2.core.model.Judgement; [Ledu.csus.ecs.pc2.core.model.Judgement;@26717842
230713 061821.604|INFO|Thread-65|log|   key: PROBLEM_LIST is: [Ledu.csus.ecs.pc2.core.model.Problem; [Ledu.csus.ecs.pc2.core.model.Problem;@663181f8
230713 061821.604|INFO|Thread-65|log|   key: GROUP_LIST is: [Ledu.csus.ecs.pc2.core.model.Group; [Ledu.csus.ecs.pc2.core.model.Group;@612c22b0
230713 061821.604|INFO|Thread-65|log|   key: LOCAL_LOGGED_IN_USERS is: [Ledu.csus.ecs.pc2.core.model.ClientId; [Ledu.csus.ecs.pc2.core.model.ClientId;@34ca085f
230713 061821.604|INFO|Thread-65|log|   key: SERVER_CLOCK_OFFSET is: java.util.GregorianCalendar java.util.GregorianCalendar[time=1689243501546,areFieldsSet=true,areAllFieldsSet=false,lenient=true,zone=sun.util.calendar.ZoneInfo[id="GMT",offset=0,dstSavings=0,useDaylight=false,transitions=0,lastRule=null],firstDayOfWeek=1,minimalDaysInFirstWeek=1,ERA=1,YEAR=2023,MONTH=6,WEEK_OF_YEAR=28,WEEK_OF_MONTH=3,DAY_OF_MONTH=13,DAY_OF_YEAR=194,DAY_OF_WEEK=5,DAY_OF_WEEK_IN_MONTH=2,AM_PM=0,HOUR=10,HOUR_OF_DAY=10,MINUTE=18,SECOND=21,MILLISECOND=546,ZONE_OFFSET=0,DST_OFFSET=0]
230713 061821.604|INFO|Thread-65|log|   key: CONTEST_IDENTIFIER is: java.lang.String Default-9016445944726128161
230713 061821.604|INFO|Thread-65|log|   key: BALLOON_SETTINGS_LIST is: [Ledu.csus.ecs.pc2.core.model.BalloonSettings; [Ledu.csus.ecs.pc2.core.model.BalloonSettings;@19d4d5ec
230713 061821.604|INFO|Thread-65|log|   key: RUN_LIST is: [Ledu.csus.ecs.pc2.core.model.Run; [Ledu.csus.ecs.pc2.core.model.Run;@7380b96f
230713 061821.604|INFO|Thread-65|log|   key: ACCOUNT_ARRAY is: [Ledu.csus.ecs.pc2.core.model.Account; [Ledu.csus.ecs.pc2.core.model.Account;@73b93c0d
230713 061821.616|INFO|Thread-65|log|handlePacket start Packet[LOGIN_SUCCESS] #52 SERVER0 @ site 1 -> TEAM1 @ site 1
230713 061821.616|INFO|Thread-65|log|Packet LOGIN_SUCCESS (Seq #52, o#52 ) handlePacket
230713 061821.616|INFO|Thread-65|log|  From: SERVER0 @ site 1, oSERVER0 @ site 1 (debian @ 127.0.1.1) (Contest Id: Default-9016445944726128161)
230713 061821.617|INFO|Thread-65|log|    To: TEAM1 @ site 1
230713 061821.617|INFO|Thread-65|log|   key: PROFILE_LIST is: [Ledu.csus.ecs.pc2.core.model.Profile; [Ledu.csus.ecs.pc2.core.model.Profile;@35421ecd
230713 061821.617|INFO|Thread-65|log|   key: GENERAL_PROBLEM is: edu.csus.ecs.pc2.core.model.Problem General
230713 061821.617|INFO|Thread-65|log|   key: CLIENT_SETTINGS_LIST is: [Ledu.csus.ecs.pc2.core.model.ClientSettings; [Ledu.csus.ecs.pc2.core.model.ClientSettings;@3b85e615
230713 061821.617|INFO|Thread-65|log|   key: CONTEST_TIME is: edu.csus.ecs.pc2.core.model.ContestTime edu.csus.ecs.pc2.core.model.ContestTime@3fba75bd
230713 061821.617|INFO|Thread-65|log|   key: CLARIFICATION_LIST is: [Ledu.csus.ecs.pc2.core.model.Clarification; [Ledu.csus.ecs.pc2.core.model.Clarification;@7ab8ec2e
230713 061821.617|INFO|Thread-65|log|   key: CATEGORY_LIST is: [Ledu.csus.ecs.pc2.core.model.Category; [Ledu.csus.ecs.pc2.core.model.Category;@5f2931c2
230713 061821.617|INFO|Thread-65|log|   key: LANGUAGE_LIST is: [Ledu.csus.ecs.pc2.core.model.Language; [Ledu.csus.ecs.pc2.core.model.Language;@4b08d17c
230713 061821.617|INFO|Thread-65|log|   key: REMOTE_LOGGED_IN_USERS is: [Ledu.csus.ecs.pc2.core.model.ClientId; [Ledu.csus.ecs.pc2.core.model.ClientId;@2773523d
230713 061821.617|INFO|Thread-65|log|   key: CONTEST_TIME_LIST is: [Ledu.csus.ecs.pc2.core.model.ContestTime; [Ledu.csus.ecs.pc2.core.model.ContestTime;@1a971361
230713 061821.617|INFO|Thread-65|log|   key: CONNECTION_HANDLE_ID_LIST is: [Ledu.csus.ecs.pc2.core.transport.ConnectionHandlerID; [Ledu.csus.ecs.pc2.core.transport.ConnectionHandlerID;@ca696d0
230713 061821.617|INFO|Thread-65|log|   key: PROFILE is: edu.csus.ecs.pc2.core.model.Profile Default--2744520025605766836
230713 061821.617|INFO|Thread-65|log|   key: CLIENT_ID is: edu.csus.ecs.pc2.core.model.ClientId TEAM1 @ site 1
230713 061821.617|INFO|Thread-65|log|   key: SITE_NUMBER is: java.lang.Integer 1
230713 061821.617|INFO|Thread-65|log|   key: CONTEST_INFORMATION is: edu.csus.ecs.pc2.core.model.ContestInformation edu.csus.ecs.pc2.core.model.ContestInformation@1283509
230713 061821.617|INFO|Thread-65|log|   key: SITE_LIST is: [Ledu.csus.ecs.pc2.core.model.Site; [Ledu.csus.ecs.pc2.core.model.Site;@3c777dab
230713 061821.617|INFO|Thread-65|log|   key: PROBLEM_DATA_FILES is: [Ledu.csus.ecs.pc2.core.model.ProblemDataFiles; [Ledu.csus.ecs.pc2.core.model.ProblemDataFiles;@1ed96d5f
230713 061821.617|INFO|Thread-65|log|   key: JUDGEMENT_LIST is: [Ledu.csus.ecs.pc2.core.model.Judgement; [Ledu.csus.ecs.pc2.core.model.Judgement;@26717842
230713 061821.617|INFO|Thread-65|log|   key: PROBLEM_LIST is: [Ledu.csus.ecs.pc2.core.model.Problem; [Ledu.csus.ecs.pc2.core.model.Problem;@663181f8
230713 061821.617|INFO|Thread-65|log|   key: GROUP_LIST is: [Ledu.csus.ecs.pc2.core.model.Group; [Ledu.csus.ecs.pc2.core.model.Group;@612c22b0
230713 061821.617|INFO|Thread-65|log|   key: LOCAL_LOGGED_IN_USERS is: [Ledu.csus.ecs.pc2.core.model.ClientId; [Ledu.csus.ecs.pc2.core.model.ClientId;@34ca085f
230713 061821.617|INFO|Thread-65|log|   key: SERVER_CLOCK_OFFSET is: java.util.GregorianCalendar java.util.GregorianCalendar[time=1689243501546,areFieldsSet=true,areAllFieldsSet=false,lenient=true,zone=sun.util.calendar.ZoneInfo[id="GMT",offset=0,dstSavings=0,useDaylight=false,transitions=0,lastRule=null],firstDayOfWeek=1,minimalDaysInFirstWeek=1,ERA=1,YEAR=2023,MONTH=6,WEEK_OF_YEAR=28,WEEK_OF_MONTH=3,DAY_OF_MONTH=13,DAY_OF_YEAR=194,DAY_OF_WEEK=5,DAY_OF_WEEK_IN_MONTH=2,AM_PM=0,HOUR=10,HOUR_OF_DAY=10,MINUTE=18,SECOND=21,MILLISECOND=546,ZONE_OFFSET=0,DST_OFFSET=0]
230713 061821.617|INFO|Thread-65|log|   key: CONTEST_IDENTIFIER is: java.lang.String Default-9016445944726128161
230713 061821.617|INFO|Thread-65|log|   key: BALLOON_SETTINGS_LIST is: [Ledu.csus.ecs.pc2.core.model.BalloonSettings; [Ledu.csus.ecs.pc2.core.model.BalloonSettings;@19d4d5ec
230713 061821.617|INFO|Thread-65|log|   key: RUN_LIST is: [Ledu.csus.ecs.pc2.core.model.Run; [Ledu.csus.ecs.pc2.core.model.Run;@7380b96f
230713 061821.617|INFO|Thread-65|log|   key: ACCOUNT_ARRAY is: [Ledu.csus.ecs.pc2.core.model.Account; [Ledu.csus.ecs.pc2.core.model.Account;@73b93c0d
230713 061850.099|INFO|Thread-66|log|send(Serializable)
230713 061850.175|INFO|Thread-63|log|public void receive(SealedObject TransportPacket, ConnectionHandlerID connectionHandlerID)
230713 061851.935|INFO|Thread-63|log|public void receive(SealedObject TransportPacket, ConnectionHandlerID connectionHandlerID)
230713 062102.284|INFO|Thread-63|log|public void receive(SealedObject TransportPacket, ConnectionHandlerID connectionHandlerID)
230713 062113.289|INFO|Thread-63|log|public void receive(SealedObject TransportPacket, ConnectionHandlerID connectionHandlerID)
230713 062122.775|INFO|Thread-63|log|public void receive(SealedObject TransportPacket, ConnectionHandlerID connectionHandlerID)
230713 062307.228|INFO|Thread-63|log|connectionDropped(ConnectionHandlerID myConnectionID) 
