230713 061716.812|CONFIG|qtp257608164-26|log|Now logging to /home/leonid/WebTeamInterface-1.1/bin/logs directory.
230713 061716.813|INFO|qtp257608164-26|log|
230713 061716.813|INFO|qtp257608164-26|log|Version 9 () Java ver 17.0.7 build  Linux 6.1.0-9-amd64 (amd64) 
230713 061716.813|INFO|qtp257608164-26|log|Login: team1 (aka team1)
230713 061716.813|INFO|qtp257608164-26|log|Working directory is /home/leonid/WebTeamInterface-1.1/bin
230713 061716.813|INFO|qtp257608164-26|log|Process id is 2061@debian
230713 061716.813|INFO|qtp257608164-26|log|Contacting server at localhost:50002 as TEAM1 @ site 0
230713 061716.813|INFO|qtp257608164-26|log|sendLoginRequest start - sending from TEAM1 @ site 0
230713 061716.813|INFO|qtp257608164-26|log|Sending packet to server Packet[LOGIN_REQUEST] #7 TEAM1 @ site 0 -> SERVER0 @ site 0
230713 061716.813|INFO|qtp257608164-26|log|Sent    packet to server Packet[LOGIN_REQUEST] #7 TEAM1 @ site 0 -> SERVER0 @ site 0
230713 061716.813|INFO|qtp257608164-26|log|sendLoginRequest end - packet sent.
230713 061716.813|INFO|Thread-56|log|send(Serializable)
230713 061716.816|INFO|Thread-55|log|receiveUnencrypted(TransportWrapper, ConnectionHandlerID=Socket[addr=localhost/127.0.0.1,port=50002,localport=36444]--1023184779430442670)
230713 061716.818|INFO|Thread-55|log|receiveUnencrypted Made a secret key for Socket[addr=localhost/127.0.0.1,port=50002,localport=36444]--1023184779430442670 key is com.sun.crypto.provider.DESKey@18158
230713 061716.818|INFO|Thread-55|log|Generating Unencrypted Public Key Packet
230713 061716.818|INFO|Thread-55|log|checking key:= SunJCE Diffie-Hellman Public Key:
y:
    e958c759 81da4a37 370525a1 cba2cbaa b05f330e 4ee03c27 919f10fb 7c7c3aae
    e50661c8 87287527 38c119c4 5ff43a1c 6e536c5b ce8e7a47 e1d543fd 983099a0
    52f67d68 093a4f39 46b6041a c53cab53 2902f907 ded4a4b0 2c9b60fb a1e7d978
    dd92a3ce ce2ed8ad 1b3fb9c1 b0f1571b 643efcb8 4e3d4588 9c841693 e085d792
p:
    f488fd58 4e49dbcd 20b49de4 9107366b 336c380d 451d0f7c 88b31c7c 5b2d8ef6
    f3c923c0 43f0a55b 188d8ebb 558cb85d 38d334fd 7c175743 a31d186c de33212c
    b52aff3c e1b12940 18118d7c 84a70a72 d686c403 19c80729 7aca950c d9969fab
    d00a509b 0246d308 3d66a45d 419f9c7c bd894b22 1926baab a25ec355 e92f78c7
g:
    02
l:
    512
230713 061716.818|INFO|Thread-55|log|packet:= edu.csus.ecs.pc2.core.transport.TransportWrapper@4e96d680
230713 061716.968|INFO|Thread-55|log|public void receive(SealedObject TransportPacket, ConnectionHandlerID connectionHandlerID)
230713 061716.973|INFO|Thread-57|log| receiveObject(S) start got Packet[LOGIN_SUCCESS] #45 SERVER0 @ site 1 -> TEAM1 @ site 1
230713 061716.973|INFO|Thread-57|log|Packet LOGIN_SUCCESS (Seq #45, o#45 ) recieveObject
230713 061716.973|INFO|Thread-57|log|  From: SERVER0 @ site 1, oSERVER0 @ site 1 (debian @ 127.0.1.1) (Contest Id: Default-9016445944726128161)
230713 061716.973|INFO|Thread-57|log|    To: TEAM1 @ site 1
230713 061716.973|INFO|Thread-57|log|   key: PROFILE_LIST is: [Ledu.csus.ecs.pc2.core.model.Profile; [Ledu.csus.ecs.pc2.core.model.Profile;@5d1da346
230713 061716.973|INFO|Thread-57|log|   key: GENERAL_PROBLEM is: edu.csus.ecs.pc2.core.model.Problem General
230713 061716.973|INFO|Thread-57|log|   key: CLIENT_SETTINGS_LIST is: [Ledu.csus.ecs.pc2.core.model.ClientSettings; [Ledu.csus.ecs.pc2.core.model.ClientSettings;@53da5695
230713 061716.973|INFO|Thread-57|log|   key: CONTEST_TIME is: edu.csus.ecs.pc2.core.model.ContestTime edu.csus.ecs.pc2.core.model.ContestTime@57e5c836
230713 061716.973|INFO|Thread-57|log|   key: CLARIFICATION_LIST is: [Ledu.csus.ecs.pc2.core.model.Clarification; [Ledu.csus.ecs.pc2.core.model.Clarification;@12e75cae
230713 061716.973|INFO|Thread-57|log|   key: CATEGORY_LIST is: [Ledu.csus.ecs.pc2.core.model.Category; [Ledu.csus.ecs.pc2.core.model.Category;@2250da27
230713 061716.973|INFO|Thread-57|log|   key: LANGUAGE_LIST is: [Ledu.csus.ecs.pc2.core.model.Language; [Ledu.csus.ecs.pc2.core.model.Language;@233f4e06
230713 061716.973|INFO|Thread-57|log|   key: REMOTE_LOGGED_IN_USERS is: [Ledu.csus.ecs.pc2.core.model.ClientId; [Ledu.csus.ecs.pc2.core.model.ClientId;@5a62962f
230713 061716.973|INFO|Thread-57|log|   key: CONTEST_TIME_LIST is: [Ledu.csus.ecs.pc2.core.model.ContestTime; [Ledu.csus.ecs.pc2.core.model.ContestTime;@72c8a3e1
230713 061716.973|INFO|Thread-57|log|   key: CONNECTION_HANDLE_ID_LIST is: [Ledu.csus.ecs.pc2.core.transport.ConnectionHandlerID; [Ledu.csus.ecs.pc2.core.transport.ConnectionHandlerID;@56edce7d
230713 061716.973|INFO|Thread-57|log|   key: PROFILE is: edu.csus.ecs.pc2.core.model.Profile Default--2744520025605766836
230713 061716.973|INFO|Thread-57|log|   key: CLIENT_ID is: edu.csus.ecs.pc2.core.model.ClientId TEAM1 @ site 1
230713 061716.973|INFO|Thread-57|log|   key: SITE_NUMBER is: java.lang.Integer 1
230713 061716.973|INFO|Thread-57|log|   key: CONTEST_INFORMATION is: edu.csus.ecs.pc2.core.model.ContestInformation edu.csus.ecs.pc2.core.model.ContestInformation@f7be5d8
230713 061716.973|INFO|Thread-57|log|   key: SITE_LIST is: [Ledu.csus.ecs.pc2.core.model.Site; [Ledu.csus.ecs.pc2.core.model.Site;@4166d9f6
230713 061716.973|INFO|Thread-57|log|   key: PROBLEM_DATA_FILES is: [Ledu.csus.ecs.pc2.core.model.ProblemDataFiles; [Ledu.csus.ecs.pc2.core.model.ProblemDataFiles;@7686bd90
230713 061716.973|INFO|Thread-57|log|   key: JUDGEMENT_LIST is: [Ledu.csus.ecs.pc2.core.model.Judgement; [Ledu.csus.ecs.pc2.core.model.Judgement;@4ea01b1b
230713 061716.973|INFO|Thread-57|log|   key: PROBLEM_LIST is: [Ledu.csus.ecs.pc2.core.model.Problem; [Ledu.csus.ecs.pc2.core.model.Problem;@1e256232
230713 061716.973|INFO|Thread-57|log|   key: GROUP_LIST is: [Ledu.csus.ecs.pc2.core.model.Group; [Ledu.csus.ecs.pc2.core.model.Group;@697bb169
230713 061716.973|INFO|Thread-57|log|   key: LOCAL_LOGGED_IN_USERS is: [Ledu.csus.ecs.pc2.core.model.ClientId; [Ledu.csus.ecs.pc2.core.model.ClientId;@2ad2ebeb
230713 061716.973|INFO|Thread-57|log|   key: SERVER_CLOCK_OFFSET is: java.util.GregorianCalendar java.util.GregorianCalendar[time=1689243436909,areFieldsSet=true,areAllFieldsSet=false,lenient=true,zone=sun.util.calendar.ZoneInfo[id="GMT",offset=0,dstSavings=0,useDaylight=false,transitions=0,lastRule=null],firstDayOfWeek=1,minimalDaysInFirstWeek=1,ERA=1,YEAR=2023,MONTH=6,WEEK_OF_YEAR=28,WEEK_OF_MONTH=3,DAY_OF_MONTH=13,DAY_OF_YEAR=194,DAY_OF_WEEK=5,DAY_OF_WEEK_IN_MONTH=2,AM_PM=0,HOUR=10,HOUR_OF_DAY=10,MINUTE=17,SECOND=16,MILLISECOND=909,ZONE_OFFSET=0,DST_OFFSET=0]
230713 061716.973|INFO|Thread-57|log|   key: CONTEST_IDENTIFIER is: java.lang.String Default-9016445944726128161
230713 061716.973|INFO|Thread-57|log|   key: BALLOON_SETTINGS_LIST is: [Ledu.csus.ecs.pc2.core.model.BalloonSettings; [Ledu.csus.ecs.pc2.core.model.BalloonSettings;@64e44569
230713 061716.973|INFO|Thread-57|log|   key: RUN_LIST is: [Ledu.csus.ecs.pc2.core.model.Run; [Ledu.csus.ecs.pc2.core.model.Run;@51659f35
230713 061716.973|INFO|Thread-57|log|   key: ACCOUNT_ARRAY is: [Ledu.csus.ecs.pc2.core.model.Account; [Ledu.csus.ecs.pc2.core.model.Account;@65219c89
230713 061716.973|INFO|Thread-57|log|handlePacket start Packet[LOGIN_SUCCESS] #45 SERVER0 @ site 1 -> TEAM1 @ site 1
230713 061716.973|INFO|Thread-57|log|Packet LOGIN_SUCCESS (Seq #45, o#45 ) handlePacket
230713 061716.973|INFO|Thread-57|log|  From: SERVER0 @ site 1, oSERVER0 @ site 1 (debian @ 127.0.1.1) (Contest Id: Default-9016445944726128161)
230713 061716.973|INFO|Thread-57|log|    To: TEAM1 @ site 1
230713 061716.973|INFO|Thread-57|log|   key: PROFILE_LIST is: [Ledu.csus.ecs.pc2.core.model.Profile; [Ledu.csus.ecs.pc2.core.model.Profile;@5d1da346
230713 061716.973|INFO|Thread-57|log|   key: GENERAL_PROBLEM is: edu.csus.ecs.pc2.core.model.Problem General
230713 061716.973|INFO|Thread-57|log|   key: CLIENT_SETTINGS_LIST is: [Ledu.csus.ecs.pc2.core.model.ClientSettings; [Ledu.csus.ecs.pc2.core.model.ClientSettings;@53da5695
230713 061716.973|INFO|Thread-57|log|   key: CONTEST_TIME is: edu.csus.ecs.pc2.core.model.ContestTime edu.csus.ecs.pc2.core.model.ContestTime@57e5c836
230713 061716.973|INFO|Thread-57|log|   key: CLARIFICATION_LIST is: [Ledu.csus.ecs.pc2.core.model.Clarification; [Ledu.csus.ecs.pc2.core.model.Clarification;@12e75cae
230713 061716.973|INFO|Thread-57|log|   key: CATEGORY_LIST is: [Ledu.csus.ecs.pc2.core.model.Category; [Ledu.csus.ecs.pc2.core.model.Category;@2250da27
230713 061716.973|INFO|Thread-57|log|   key: LANGUAGE_LIST is: [Ledu.csus.ecs.pc2.core.model.Language; [Ledu.csus.ecs.pc2.core.model.Language;@233f4e06
230713 061716.973|INFO|Thread-57|log|   key: REMOTE_LOGGED_IN_USERS is: [Ledu.csus.ecs.pc2.core.model.ClientId; [Ledu.csus.ecs.pc2.core.model.ClientId;@5a62962f
230713 061716.973|INFO|Thread-57|log|   key: CONTEST_TIME_LIST is: [Ledu.csus.ecs.pc2.core.model.ContestTime; [Ledu.csus.ecs.pc2.core.model.ContestTime;@72c8a3e1
230713 061716.973|INFO|Thread-57|log|   key: CONNECTION_HANDLE_ID_LIST is: [Ledu.csus.ecs.pc2.core.transport.ConnectionHandlerID; [Ledu.csus.ecs.pc2.core.transport.ConnectionHandlerID;@56edce7d
230713 061716.973|INFO|Thread-57|log|   key: PROFILE is: edu.csus.ecs.pc2.core.model.Profile Default--2744520025605766836
230713 061716.973|INFO|Thread-57|log|   key: CLIENT_ID is: edu.csus.ecs.pc2.core.model.ClientId TEAM1 @ site 1
230713 061716.973|INFO|Thread-57|log|   key: SITE_NUMBER is: java.lang.Integer 1
230713 061716.973|INFO|Thread-57|log|   key: CONTEST_INFORMATION is: edu.csus.ecs.pc2.core.model.ContestInformation edu.csus.ecs.pc2.core.model.ContestInformation@f7be5d8
230713 061716.973|INFO|Thread-57|log|   key: SITE_LIST is: [Ledu.csus.ecs.pc2.core.model.Site; [Ledu.csus.ecs.pc2.core.model.Site;@4166d9f6
230713 061716.973|INFO|Thread-57|log|   key: PROBLEM_DATA_FILES is: [Ledu.csus.ecs.pc2.core.model.ProblemDataFiles; [Ledu.csus.ecs.pc2.core.model.ProblemDataFiles;@7686bd90
230713 061716.973|INFO|Thread-57|log|   key: JUDGEMENT_LIST is: [Ledu.csus.ecs.pc2.core.model.Judgement; [Ledu.csus.ecs.pc2.core.model.Judgement;@4ea01b1b
230713 061716.973|INFO|Thread-57|log|   key: PROBLEM_LIST is: [Ledu.csus.ecs.pc2.core.model.Problem; [Ledu.csus.ecs.pc2.core.model.Problem;@1e256232
230713 061716.973|INFO|Thread-57|log|   key: GROUP_LIST is: [Ledu.csus.ecs.pc2.core.model.Group; [Ledu.csus.ecs.pc2.core.model.Group;@697bb169
230713 061716.973|INFO|Thread-57|log|   key: LOCAL_LOGGED_IN_USERS is: [Ledu.csus.ecs.pc2.core.model.ClientId; [Ledu.csus.ecs.pc2.core.model.ClientId;@2ad2ebeb
230713 061716.973|INFO|Thread-57|log|   key: SERVER_CLOCK_OFFSET is: java.util.GregorianCalendar java.util.GregorianCalendar[time=1689243436909,areFieldsSet=true,areAllFieldsSet=false,lenient=true,zone=sun.util.calendar.ZoneInfo[id="GMT",offset=0,dstSavings=0,useDaylight=false,transitions=0,lastRule=null],firstDayOfWeek=1,minimalDaysInFirstWeek=1,ERA=1,YEAR=2023,MONTH=6,WEEK_OF_YEAR=28,WEEK_OF_MONTH=3,DAY_OF_MONTH=13,DAY_OF_YEAR=194,DAY_OF_WEEK=5,DAY_OF_WEEK_IN_MONTH=2,AM_PM=0,HOUR=10,HOUR_OF_DAY=10,MINUTE=17,SECOND=16,MILLISECOND=909,ZONE_OFFSET=0,DST_OFFSET=0]
230713 061716.973|INFO|Thread-57|log|   key: CONTEST_IDENTIFIER is: java.lang.String Default-9016445944726128161
230713 061716.973|INFO|Thread-57|log|   key: BALLOON_SETTINGS_LIST is: [Ledu.csus.ecs.pc2.core.model.BalloonSettings; [Ledu.csus.ecs.pc2.core.model.BalloonSettings;@64e44569
230713 061716.973|INFO|Thread-57|log|   key: RUN_LIST is: [Ledu.csus.ecs.pc2.core.model.Run; [Ledu.csus.ecs.pc2.core.model.Run;@51659f35
230713 061716.973|INFO|Thread-57|log|   key: ACCOUNT_ARRAY is: [Ledu.csus.ecs.pc2.core.model.Account; [Ledu.csus.ecs.pc2.core.model.Account;@65219c89
230713 061812.855|INFO|Thread-55|log|public void receive(SealedObject TransportPacket, ConnectionHandlerID connectionHandlerID)
230713 061821.532|INFO|Thread-55|log|connectionDropped(ConnectionHandlerID myConnectionID) 
