230713 063241.479|CONFIG|qtp257608164-22|log|Now logging to /home/leonid/WebTeamInterface-1.1/bin/logs directory.
230713 063241.479|INFO|qtp257608164-22|log|
230713 063241.479|INFO|qtp257608164-22|log|Version 9 () Java ver 17.0.7 build  Linux 6.1.0-9-amd64 (amd64) 
230713 063241.479|INFO|qtp257608164-22|log|Login: team1 (aka team1)
230713 063241.479|INFO|qtp257608164-22|log|Working directory is /home/leonid/WebTeamInterface-1.1/bin
230713 063241.479|INFO|qtp257608164-22|log|Process id is 2061@debian
230713 063241.479|INFO|qtp257608164-22|log|Contacting server at localhost:50002 as TEAM1 @ site 0
230713 063241.479|INFO|qtp257608164-22|log|sendLoginRequest start - sending from TEAM1 @ site 0
230713 063241.479|INFO|qtp257608164-22|log|Sending packet to server Packet[LOGIN_REQUEST] #11 TEAM1 @ site 0 -> SERVER0 @ site 0
230713 063241.480|INFO|qtp257608164-22|log|Sent    packet to server Packet[LOGIN_REQUEST] #11 TEAM1 @ site 0 -> SERVER0 @ site 0
230713 063241.480|INFO|qtp257608164-22|log|sendLoginRequest end - packet sent.
230713 063241.480|INFO|Thread-165|log|send(Serializable)
230713 063241.536|INFO|Thread-164|log|receiveUnencrypted(TransportWrapper, ConnectionHandlerID=Socket[addr=localhost/127.0.0.1,port=50002,localport=56818]--7999584198132928556)
230713 063241.537|INFO|Thread-164|log|receiveUnencrypted Made a secret key for Socket[addr=localhost/127.0.0.1,port=50002,localport=56818]--7999584198132928556 key is com.sun.crypto.provider.DESKey@185e1
230713 063241.537|INFO|Thread-164|log|Generating Unencrypted Public Key Packet
230713 063241.537|INFO|Thread-164|log|checking key:= SunJCE Diffie-Hellman Public Key:
y:
    bf80a646 2178fe85 9747ed5c 12090827 19c23d69 f74fa3cd b441b0b4 0f99e303
    440c6f9d 14d56308 d3075f59 960b8aa7 a91dbc6d 427bce3f 3279cebf 685f7e46
    8e028eba 55bc38bb fd1e345a 6ac6dab6 d93ca983 558a817b a8c3ff8a 9d6525c6
    c6780e0b ffc446db 78b0f9c8 2b99a05f 8633b5d8 94d3c7a9 3530c902 53fca086
p:
    f488fd58 4e49dbcd 20b49de4 9107366b 336c380d 451d0f7c 88b31c7c 5b2d8ef6
    f3c923c0 43f0a55b 188d8ebb 558cb85d 38d334fd 7c175743 a31d186c de33212c
    b52aff3c e1b12940 18118d7c 84a70a72 d686c403 19c80729 7aca950c d9969fab
    d00a509b 0246d308 3d66a45d 419f9c7c bd894b22 1926baab a25ec355 e92f78c7
g:
    02
l:
    512
230713 063241.537|INFO|Thread-164|log|packet:= edu.csus.ecs.pc2.core.transport.TransportWrapper@1135c707
230713 063241.668|INFO|Thread-164|log|public void receive(SealedObject TransportPacket, ConnectionHandlerID connectionHandlerID)
230713 063241.682|INFO|Thread-166|log| receiveObject(S) start got Packet[LOGIN_SUCCESS] #96 SERVER0 @ site 1 -> TEAM1 @ site 1
230713 063241.682|INFO|Thread-166|log|Packet LOGIN_SUCCESS (Seq #96, o#96 ) recieveObject
230713 063241.682|INFO|Thread-166|log|  From: SERVER0 @ site 1, oSERVER0 @ site 1 (debian @ 127.0.1.1) (Contest Id: Default-9016445944726128161)
230713 063241.682|INFO|Thread-166|log|    To: TEAM1 @ site 1
230713 063241.682|INFO|Thread-166|log|   key: PROFILE_LIST is: [Ledu.csus.ecs.pc2.core.model.Profile; [Ledu.csus.ecs.pc2.core.model.Profile;@745ae17d
230713 063241.682|INFO|Thread-166|log|   key: GENERAL_PROBLEM is: edu.csus.ecs.pc2.core.model.Problem General
230713 063241.682|INFO|Thread-166|log|   key: CLIENT_SETTINGS_LIST is: [Ledu.csus.ecs.pc2.core.model.ClientSettings; [Ledu.csus.ecs.pc2.core.model.ClientSettings;@7a9d1186
230713 063241.682|INFO|Thread-166|log|   key: CONTEST_TIME is: edu.csus.ecs.pc2.core.model.ContestTime edu.csus.ecs.pc2.core.model.ContestTime@7ea28a0d
230713 063241.682|INFO|Thread-166|log|   key: CLARIFICATION_LIST is: [Ledu.csus.ecs.pc2.core.model.Clarification; [Ledu.csus.ecs.pc2.core.model.Clarification;@3ba01bbd
230713 063241.682|INFO|Thread-166|log|   key: CATEGORY_LIST is: [Ledu.csus.ecs.pc2.core.model.Category; [Ledu.csus.ecs.pc2.core.model.Category;@185254bd
230713 063241.682|INFO|Thread-166|log|   key: LANGUAGE_LIST is: [Ledu.csus.ecs.pc2.core.model.Language; [Ledu.csus.ecs.pc2.core.model.Language;@a516710
230713 063241.682|INFO|Thread-166|log|   key: REMOTE_LOGGED_IN_USERS is: [Ledu.csus.ecs.pc2.core.model.ClientId; [Ledu.csus.ecs.pc2.core.model.ClientId;@604976b5
230713 063241.682|INFO|Thread-166|log|   key: CONTEST_TIME_LIST is: [Ledu.csus.ecs.pc2.core.model.ContestTime; [Ledu.csus.ecs.pc2.core.model.ContestTime;@5b8fe4f2
230713 063241.682|INFO|Thread-166|log|   key: CONNECTION_HANDLE_ID_LIST is: [Ledu.csus.ecs.pc2.core.transport.ConnectionHandlerID; [Ledu.csus.ecs.pc2.core.transport.ConnectionHandlerID;@51f2a482
230713 063241.682|INFO|Thread-166|log|   key: PROFILE is: edu.csus.ecs.pc2.core.model.Profile Default--2744520025605766836
230713 063241.682|INFO|Thread-166|log|   key: CLIENT_ID is: edu.csus.ecs.pc2.core.model.ClientId TEAM1 @ site 1
230713 063241.682|INFO|Thread-166|log|   key: SITE_NUMBER is: java.lang.Integer 1
230713 063241.682|INFO|Thread-166|log|   key: CONTEST_INFORMATION is: edu.csus.ecs.pc2.core.model.ContestInformation edu.csus.ecs.pc2.core.model.ContestInformation@501a304b
230713 063241.682|INFO|Thread-166|log|   key: SITE_LIST is: [Ledu.csus.ecs.pc2.core.model.Site; [Ledu.csus.ecs.pc2.core.model.Site;@7b4d1823
230713 063241.682|INFO|Thread-166|log|   key: PROBLEM_DATA_FILES is: [Ledu.csus.ecs.pc2.core.model.ProblemDataFiles; [Ledu.csus.ecs.pc2.core.model.ProblemDataFiles;@5fc1dbcc
230713 063241.682|INFO|Thread-166|log|   key: JUDGEMENT_LIST is: [Ledu.csus.ecs.pc2.core.model.Judgement; [Ledu.csus.ecs.pc2.core.model.Judgement;@1b53a202
230713 063241.682|INFO|Thread-166|log|   key: PROBLEM_LIST is: [Ledu.csus.ecs.pc2.core.model.Problem; [Ledu.csus.ecs.pc2.core.model.Problem;@1a4a414b
230713 063241.682|INFO|Thread-166|log|   key: GROUP_LIST is: [Ledu.csus.ecs.pc2.core.model.Group; [Ledu.csus.ecs.pc2.core.model.Group;@955ce21
230713 063241.682|INFO|Thread-166|log|   key: LOCAL_LOGGED_IN_USERS is: [Ledu.csus.ecs.pc2.core.model.ClientId; [Ledu.csus.ecs.pc2.core.model.ClientId;@589b7b7c
230713 063241.682|INFO|Thread-166|log|   key: SERVER_CLOCK_OFFSET is: java.util.GregorianCalendar java.util.GregorianCalendar[time=1689244361586,areFieldsSet=true,areAllFieldsSet=false,lenient=true,zone=sun.util.calendar.ZoneInfo[id="GMT",offset=0,dstSavings=0,useDaylight=false,transitions=0,lastRule=null],firstDayOfWeek=1,minimalDaysInFirstWeek=1,ERA=1,YEAR=2023,MONTH=6,WEEK_OF_YEAR=28,WEEK_OF_MONTH=3,DAY_OF_MONTH=13,DAY_OF_YEAR=194,DAY_OF_WEEK=5,DAY_OF_WEEK_IN_MONTH=2,AM_PM=0,HOUR=10,HOUR_OF_DAY=10,MINUTE=32,SECOND=41,MILLISECOND=586,ZONE_OFFSET=0,DST_OFFSET=0]
230713 063241.682|INFO|Thread-166|log|   key: CONTEST_IDENTIFIER is: java.lang.String Default-9016445944726128161
230713 063241.682|INFO|Thread-166|log|   key: BALLOON_SETTINGS_LIST is: [Ledu.csus.ecs.pc2.core.model.BalloonSettings; [Ledu.csus.ecs.pc2.core.model.BalloonSettings;@5ede81df
230713 063241.682|INFO|Thread-166|log|   key: RUN_LIST is: [Ledu.csus.ecs.pc2.core.model.Run; [Ledu.csus.ecs.pc2.core.model.Run;@16d6d356
230713 063241.682|INFO|Thread-166|log|   key: ACCOUNT_ARRAY is: [Ledu.csus.ecs.pc2.core.model.Account; [Ledu.csus.ecs.pc2.core.model.Account;@31d5336b
230713 063241.682|INFO|Thread-166|log|handlePacket start Packet[LOGIN_SUCCESS] #96 SERVER0 @ site 1 -> TEAM1 @ site 1
230713 063241.682|INFO|Thread-166|log|Packet LOGIN_SUCCESS (Seq #96, o#96 ) handlePacket
230713 063241.682|INFO|Thread-166|log|  From: SERVER0 @ site 1, oSERVER0 @ site 1 (debian @ 127.0.1.1) (Contest Id: Default-9016445944726128161)
230713 063241.682|INFO|Thread-166|log|    To: TEAM1 @ site 1
230713 063241.682|INFO|Thread-166|log|   key: PROFILE_LIST is: [Ledu.csus.ecs.pc2.core.model.Profile; [Ledu.csus.ecs.pc2.core.model.Profile;@745ae17d
230713 063241.682|INFO|Thread-166|log|   key: GENERAL_PROBLEM is: edu.csus.ecs.pc2.core.model.Problem General
230713 063241.682|INFO|Thread-166|log|   key: CLIENT_SETTINGS_LIST is: [Ledu.csus.ecs.pc2.core.model.ClientSettings; [Ledu.csus.ecs.pc2.core.model.ClientSettings;@7a9d1186
230713 063241.682|INFO|Thread-166|log|   key: CONTEST_TIME is: edu.csus.ecs.pc2.core.model.ContestTime edu.csus.ecs.pc2.core.model.ContestTime@7ea28a0d
230713 063241.682|INFO|Thread-166|log|   key: CLARIFICATION_LIST is: [Ledu.csus.ecs.pc2.core.model.Clarification; [Ledu.csus.ecs.pc2.core.model.Clarification;@3ba01bbd
230713 063241.682|INFO|Thread-166|log|   key: CATEGORY_LIST is: [Ledu.csus.ecs.pc2.core.model.Category; [Ledu.csus.ecs.pc2.core.model.Category;@185254bd
230713 063241.682|INFO|Thread-166|log|   key: LANGUAGE_LIST is: [Ledu.csus.ecs.pc2.core.model.Language; [Ledu.csus.ecs.pc2.core.model.Language;@a516710
230713 063241.682|INFO|Thread-166|log|   key: REMOTE_LOGGED_IN_USERS is: [Ledu.csus.ecs.pc2.core.model.ClientId; [Ledu.csus.ecs.pc2.core.model.ClientId;@604976b5
230713 063241.682|INFO|Thread-166|log|   key: CONTEST_TIME_LIST is: [Ledu.csus.ecs.pc2.core.model.ContestTime; [Ledu.csus.ecs.pc2.core.model.ContestTime;@5b8fe4f2
230713 063241.682|INFO|Thread-166|log|   key: CONNECTION_HANDLE_ID_LIST is: [Ledu.csus.ecs.pc2.core.transport.ConnectionHandlerID; [Ledu.csus.ecs.pc2.core.transport.ConnectionHandlerID;@51f2a482
230713 063241.682|INFO|Thread-166|log|   key: PROFILE is: edu.csus.ecs.pc2.core.model.Profile Default--2744520025605766836
230713 063241.682|INFO|Thread-166|log|   key: CLIENT_ID is: edu.csus.ecs.pc2.core.model.ClientId TEAM1 @ site 1
230713 063241.682|INFO|Thread-166|log|   key: SITE_NUMBER is: java.lang.Integer 1
230713 063241.682|INFO|Thread-166|log|   key: CONTEST_INFORMATION is: edu.csus.ecs.pc2.core.model.ContestInformation edu.csus.ecs.pc2.core.model.ContestInformation@501a304b
230713 063241.682|INFO|Thread-166|log|   key: SITE_LIST is: [Ledu.csus.ecs.pc2.core.model.Site; [Ledu.csus.ecs.pc2.core.model.Site;@7b4d1823
230713 063241.682|INFO|Thread-166|log|   key: PROBLEM_DATA_FILES is: [Ledu.csus.ecs.pc2.core.model.ProblemDataFiles; [Ledu.csus.ecs.pc2.core.model.ProblemDataFiles;@5fc1dbcc
230713 063241.682|INFO|Thread-166|log|   key: JUDGEMENT_LIST is: [Ledu.csus.ecs.pc2.core.model.Judgement; [Ledu.csus.ecs.pc2.core.model.Judgement;@1b53a202
230713 063241.683|INFO|Thread-166|log|   key: PROBLEM_LIST is: [Ledu.csus.ecs.pc2.core.model.Problem; [Ledu.csus.ecs.pc2.core.model.Problem;@1a4a414b
230713 063241.683|INFO|Thread-166|log|   key: GROUP_LIST is: [Ledu.csus.ecs.pc2.core.model.Group; [Ledu.csus.ecs.pc2.core.model.Group;@955ce21
230713 063241.683|INFO|Thread-166|log|   key: LOCAL_LOGGED_IN_USERS is: [Ledu.csus.ecs.pc2.core.model.ClientId; [Ledu.csus.ecs.pc2.core.model.ClientId;@589b7b7c
230713 063241.683|INFO|Thread-166|log|   key: SERVER_CLOCK_OFFSET is: java.util.GregorianCalendar java.util.GregorianCalendar[time=1689244361586,areFieldsSet=true,areAllFieldsSet=false,lenient=true,zone=sun.util.calendar.ZoneInfo[id="GMT",offset=0,dstSavings=0,useDaylight=false,transitions=0,lastRule=null],firstDayOfWeek=1,minimalDaysInFirstWeek=1,ERA=1,YEAR=2023,MONTH=6,WEEK_OF_YEAR=28,WEEK_OF_MONTH=3,DAY_OF_MONTH=13,DAY_OF_YEAR=194,DAY_OF_WEEK=5,DAY_OF_WEEK_IN_MONTH=2,AM_PM=0,HOUR=10,HOUR_OF_DAY=10,MINUTE=32,SECOND=41,MILLISECOND=586,ZONE_OFFSET=0,DST_OFFSET=0]
230713 063241.683|INFO|Thread-166|log|   key: CONTEST_IDENTIFIER is: java.lang.String Default-9016445944726128161
230713 063241.683|INFO|Thread-166|log|   key: BALLOON_SETTINGS_LIST is: [Ledu.csus.ecs.pc2.core.model.BalloonSettings; [Ledu.csus.ecs.pc2.core.model.BalloonSettings;@5ede81df
230713 063241.683|INFO|Thread-166|log|   key: RUN_LIST is: [Ledu.csus.ecs.pc2.core.model.Run; [Ledu.csus.ecs.pc2.core.model.Run;@16d6d356
230713 063241.683|INFO|Thread-166|log|   key: ACCOUNT_ARRAY is: [Ledu.csus.ecs.pc2.core.model.Account; [Ledu.csus.ecs.pc2.core.model.Account;@31d5336b
230713 063302.194|INFO|Thread-164|log|public void receive(SealedObject TransportPacket, ConnectionHandlerID connectionHandlerID)
230713 063350.200|INFO|Thread-164|log|public void receive(SealedObject TransportPacket, ConnectionHandlerID connectionHandlerID)
230713 063412.094|INFO|Thread-164|log|public void receive(SealedObject TransportPacket, ConnectionHandlerID connectionHandlerID)
230713 063422.716|INFO|Thread-164|log|public void receive(SealedObject TransportPacket, ConnectionHandlerID connectionHandlerID)
