230713 061237.055|CONFIG|qtp257608164-26|log|Now logging to /home/leonid/WebTeamInterface-1.1/bin/logs directory.
230713 061237.055|INFO|qtp257608164-26|log|
230713 061237.055|INFO|qtp257608164-26|log|Version 9 () Java ver 17.0.7 build  Linux 6.1.0-9-amd64 (amd64) 
230713 061237.055|INFO|qtp257608164-26|log|Login: team1 (aka team1)
230713 061237.055|INFO|qtp257608164-26|log|Working directory is /home/leonid/WebTeamInterface-1.1/bin
230713 061237.055|INFO|qtp257608164-26|log|Process id is 2061@debian
230713 061237.055|INFO|qtp257608164-26|log|Contacting server at localhost:50002 as TEAM1 @ site 0
230713 061237.055|INFO|qtp257608164-26|log|sendLoginRequest start - sending from TEAM1 @ site 0
230713 061237.055|INFO|qtp257608164-26|log|Sending packet to server Packet[LOGIN_REQUEST] #6 TEAM1 @ site 0 -> SERVER0 @ site 0
230713 061237.055|INFO|qtp257608164-26|log|Sent    packet to server Packet[LOGIN_REQUEST] #6 TEAM1 @ site 0 -> SERVER0 @ site 0
230713 061237.055|INFO|qtp257608164-26|log|sendLoginRequest end - packet sent.
230713 061237.055|INFO|Thread-50|log|send(Serializable)
230713 061237.059|INFO|Thread-49|log|receiveUnencrypted(TransportWrapper, ConnectionHandlerID=Socket[addr=localhost/127.0.0.1,port=50002,localport=40250]-4580396361142599990)
230713 061237.061|INFO|Thread-49|log|receiveUnencrypted Made a secret key for Socket[addr=localhost/127.0.0.1,port=50002,localport=40250]-4580396361142599990 key is com.sun.crypto.provider.DESKey@fffe7bd6
230713 061237.061|INFO|Thread-49|log|Generating Unencrypted Public Key Packet
230713 061237.064|INFO|Thread-49|log|checking key:= SunJCE Diffie-Hellman Public Key:
y:
    06c78e1e 1406cdbb f408c1e3 85a06432 d5b2bfa8 19563e63 68409e4a 71d95c80
    691d0b23 c2315a97 d1683269 d77c37a4 ae926d5f a1b93c68 64c5e724 49496e43
    717d832f d87477f6 a43f559a f3d1f917 93470192 96e8c3a6 436f9f5a 74378b4e
    ab368ba2 6446dc2a d65bb702 9b8653e1 f291318b ba0bbe4b f4cdf2b0 06e09669
p:
    f488fd58 4e49dbcd 20b49de4 9107366b 336c380d 451d0f7c 88b31c7c 5b2d8ef6
    f3c923c0 43f0a55b 188d8ebb 558cb85d 38d334fd 7c175743 a31d186c de33212c
    b52aff3c e1b12940 18118d7c 84a70a72 d686c403 19c80729 7aca950c d9969fab
    d00a509b 0246d308 3d66a45d 419f9c7c bd894b22 1926baab a25ec355 e92f78c7
g:
    02
l:
    512
230713 061237.064|INFO|Thread-49|log|packet:= edu.csus.ecs.pc2.core.transport.TransportWrapper@5769a0dd
230713 061237.172|INFO|Thread-49|log|public void receive(SealedObject TransportPacket, ConnectionHandlerID connectionHandlerID)
230713 061237.174|INFO|Thread-51|log| receiveObject(S) start got Packet[LOGIN_SUCCESS] #39 SERVER0 @ site 1 -> TEAM1 @ site 1
230713 061237.174|INFO|Thread-51|log|Packet LOGIN_SUCCESS (Seq #39, o#39 ) recieveObject
230713 061237.174|INFO|Thread-51|log|  From: SERVER0 @ site 1, oSERVER0 @ site 1 (debian @ 127.0.1.1) (Contest Id: Default-9016445944726128161)
230713 061237.174|INFO|Thread-51|log|    To: TEAM1 @ site 1
230713 061237.174|INFO|Thread-51|log|   key: PROFILE_LIST is: [Ledu.csus.ecs.pc2.core.model.Profile; [Ledu.csus.ecs.pc2.core.model.Profile;@2eb162dc
230713 061237.174|INFO|Thread-51|log|   key: GENERAL_PROBLEM is: edu.csus.ecs.pc2.core.model.Problem General
230713 061237.174|INFO|Thread-51|log|   key: CLIENT_SETTINGS_LIST is: [Ledu.csus.ecs.pc2.core.model.ClientSettings; [Ledu.csus.ecs.pc2.core.model.ClientSettings;@2076997a
230713 061237.174|INFO|Thread-51|log|   key: CONTEST_TIME is: edu.csus.ecs.pc2.core.model.ContestTime edu.csus.ecs.pc2.core.model.ContestTime@244909ac
230713 061237.174|INFO|Thread-51|log|   key: CLARIFICATION_LIST is: [Ledu.csus.ecs.pc2.core.model.Clarification; [Ledu.csus.ecs.pc2.core.model.Clarification;@614b9341
230713 061237.174|INFO|Thread-51|log|   key: CATEGORY_LIST is: [Ledu.csus.ecs.pc2.core.model.Category; [Ledu.csus.ecs.pc2.core.model.Category;@4449aa36
230713 061237.174|INFO|Thread-51|log|   key: LANGUAGE_LIST is: [Ledu.csus.ecs.pc2.core.model.Language; [Ledu.csus.ecs.pc2.core.model.Language;@50e0568c
230713 061237.174|INFO|Thread-51|log|   key: REMOTE_LOGGED_IN_USERS is: [Ledu.csus.ecs.pc2.core.model.ClientId; [Ledu.csus.ecs.pc2.core.model.ClientId;@3c083155
230713 061237.174|INFO|Thread-51|log|   key: CONTEST_TIME_LIST is: [Ledu.csus.ecs.pc2.core.model.ContestTime; [Ledu.csus.ecs.pc2.core.model.ContestTime;@1646c0e
230713 061237.175|INFO|Thread-51|log|   key: CONNECTION_HANDLE_ID_LIST is: [Ledu.csus.ecs.pc2.core.transport.ConnectionHandlerID; [Ledu.csus.ecs.pc2.core.transport.ConnectionHandlerID;@8756e0e
230713 061237.175|INFO|Thread-51|log|   key: PROFILE is: edu.csus.ecs.pc2.core.model.Profile Default--2744520025605766836
230713 061237.175|INFO|Thread-51|log|   key: CLIENT_ID is: edu.csus.ecs.pc2.core.model.ClientId TEAM1 @ site 1
230713 061237.175|INFO|Thread-51|log|   key: SITE_NUMBER is: java.lang.Integer 1
230713 061237.175|INFO|Thread-51|log|   key: CONTEST_INFORMATION is: edu.csus.ecs.pc2.core.model.ContestInformation edu.csus.ecs.pc2.core.model.ContestInformation@5a730dba
230713 061237.175|INFO|Thread-51|log|   key: SITE_LIST is: [Ledu.csus.ecs.pc2.core.model.Site; [Ledu.csus.ecs.pc2.core.model.Site;@270c1d38
230713 061237.175|INFO|Thread-51|log|   key: PROBLEM_DATA_FILES is: [Ledu.csus.ecs.pc2.core.model.ProblemDataFiles; [Ledu.csus.ecs.pc2.core.model.ProblemDataFiles;@52a11cb
230713 061237.175|INFO|Thread-51|log|   key: JUDGEMENT_LIST is: [Ledu.csus.ecs.pc2.core.model.Judgement; [Ledu.csus.ecs.pc2.core.model.Judgement;@268c1a7e
230713 061237.175|INFO|Thread-51|log|   key: PROBLEM_LIST is: [Ledu.csus.ecs.pc2.core.model.Problem; [Ledu.csus.ecs.pc2.core.model.Problem;@6450ddc8
230713 061237.175|INFO|Thread-51|log|   key: GROUP_LIST is: [Ledu.csus.ecs.pc2.core.model.Group; [Ledu.csus.ecs.pc2.core.model.Group;@2372f9a7
230713 061237.175|INFO|Thread-51|log|   key: LOCAL_LOGGED_IN_USERS is: [Ledu.csus.ecs.pc2.core.model.ClientId; [Ledu.csus.ecs.pc2.core.model.ClientId;@7603104b
230713 061237.175|INFO|Thread-51|log|   key: SERVER_CLOCK_OFFSET is: java.util.GregorianCalendar java.util.GregorianCalendar[time=1689243157119,areFieldsSet=true,areAllFieldsSet=false,lenient=true,zone=sun.util.calendar.ZoneInfo[id="GMT",offset=0,dstSavings=0,useDaylight=false,transitions=0,lastRule=null],firstDayOfWeek=1,minimalDaysInFirstWeek=1,ERA=1,YEAR=2023,MONTH=6,WEEK_OF_YEAR=28,WEEK_OF_MONTH=3,DAY_OF_MONTH=13,DAY_OF_YEAR=194,DAY_OF_WEEK=5,DAY_OF_WEEK_IN_MONTH=2,AM_PM=0,HOUR=10,HOUR_OF_DAY=10,MINUTE=12,SECOND=37,MILLISECOND=119,ZONE_OFFSET=0,DST_OFFSET=0]
230713 061237.175|INFO|Thread-51|log|   key: CONTEST_IDENTIFIER is: java.lang.String Default-9016445944726128161
230713 061237.175|INFO|Thread-51|log|   key: BALLOON_SETTINGS_LIST is: [Ledu.csus.ecs.pc2.core.model.BalloonSettings; [Ledu.csus.ecs.pc2.core.model.BalloonSettings;@301abb1f
230713 061237.175|INFO|Thread-51|log|   key: RUN_LIST is: [Ledu.csus.ecs.pc2.core.model.Run; [Ledu.csus.ecs.pc2.core.model.Run;@52c68e49
230713 061237.175|INFO|Thread-51|log|   key: ACCOUNT_ARRAY is: [Ledu.csus.ecs.pc2.core.model.Account; [Ledu.csus.ecs.pc2.core.model.Account;@66cdea77
230713 061237.175|INFO|Thread-51|log|handlePacket start Packet[LOGIN_SUCCESS] #39 SERVER0 @ site 1 -> TEAM1 @ site 1
230713 061237.175|INFO|Thread-51|log|Packet LOGIN_SUCCESS (Seq #39, o#39 ) handlePacket
230713 061237.175|INFO|Thread-51|log|  From: SERVER0 @ site 1, oSERVER0 @ site 1 (debian @ 127.0.1.1) (Contest Id: Default-9016445944726128161)
230713 061237.175|INFO|Thread-51|log|    To: TEAM1 @ site 1
230713 061237.175|INFO|Thread-51|log|   key: PROFILE_LIST is: [Ledu.csus.ecs.pc2.core.model.Profile; [Ledu.csus.ecs.pc2.core.model.Profile;@2eb162dc
230713 061237.175|INFO|Thread-51|log|   key: GENERAL_PROBLEM is: edu.csus.ecs.pc2.core.model.Problem General
230713 061237.175|INFO|Thread-51|log|   key: CLIENT_SETTINGS_LIST is: [Ledu.csus.ecs.pc2.core.model.ClientSettings; [Ledu.csus.ecs.pc2.core.model.ClientSettings;@2076997a
230713 061237.175|INFO|Thread-51|log|   key: CONTEST_TIME is: edu.csus.ecs.pc2.core.model.ContestTime edu.csus.ecs.pc2.core.model.ContestTime@244909ac
230713 061237.175|INFO|Thread-51|log|   key: CLARIFICATION_LIST is: [Ledu.csus.ecs.pc2.core.model.Clarification; [Ledu.csus.ecs.pc2.core.model.Clarification;@614b9341
230713 061237.175|INFO|Thread-51|log|   key: CATEGORY_LIST is: [Ledu.csus.ecs.pc2.core.model.Category; [Ledu.csus.ecs.pc2.core.model.Category;@4449aa36
230713 061237.175|INFO|Thread-51|log|   key: LANGUAGE_LIST is: [Ledu.csus.ecs.pc2.core.model.Language; [Ledu.csus.ecs.pc2.core.model.Language;@50e0568c
230713 061237.175|INFO|Thread-51|log|   key: REMOTE_LOGGED_IN_USERS is: [Ledu.csus.ecs.pc2.core.model.ClientId; [Ledu.csus.ecs.pc2.core.model.ClientId;@3c083155
230713 061237.175|INFO|Thread-51|log|   key: CONTEST_TIME_LIST is: [Ledu.csus.ecs.pc2.core.model.ContestTime; [Ledu.csus.ecs.pc2.core.model.ContestTime;@1646c0e
230713 061237.175|INFO|Thread-51|log|   key: CONNECTION_HANDLE_ID_LIST is: [Ledu.csus.ecs.pc2.core.transport.ConnectionHandlerID; [Ledu.csus.ecs.pc2.core.transport.ConnectionHandlerID;@8756e0e
230713 061237.175|INFO|Thread-51|log|   key: PROFILE is: edu.csus.ecs.pc2.core.model.Profile Default--2744520025605766836
230713 061237.175|INFO|Thread-51|log|   key: CLIENT_ID is: edu.csus.ecs.pc2.core.model.ClientId TEAM1 @ site 1
230713 061237.175|INFO|Thread-51|log|   key: SITE_NUMBER is: java.lang.Integer 1
230713 061237.175|INFO|Thread-51|log|   key: CONTEST_INFORMATION is: edu.csus.ecs.pc2.core.model.ContestInformation edu.csus.ecs.pc2.core.model.ContestInformation@5a730dba
230713 061237.175|INFO|Thread-51|log|   key: SITE_LIST is: [Ledu.csus.ecs.pc2.core.model.Site; [Ledu.csus.ecs.pc2.core.model.Site;@270c1d38
230713 061237.175|INFO|Thread-51|log|   key: PROBLEM_DATA_FILES is: [Ledu.csus.ecs.pc2.core.model.ProblemDataFiles; [Ledu.csus.ecs.pc2.core.model.ProblemDataFiles;@52a11cb
230713 061237.175|INFO|Thread-51|log|   key: JUDGEMENT_LIST is: [Ledu.csus.ecs.pc2.core.model.Judgement; [Ledu.csus.ecs.pc2.core.model.Judgement;@268c1a7e
230713 061237.175|INFO|Thread-51|log|   key: PROBLEM_LIST is: [Ledu.csus.ecs.pc2.core.model.Problem; [Ledu.csus.ecs.pc2.core.model.Problem;@6450ddc8
230713 061237.175|INFO|Thread-51|log|   key: GROUP_LIST is: [Ledu.csus.ecs.pc2.core.model.Group; [Ledu.csus.ecs.pc2.core.model.Group;@2372f9a7
230713 061237.175|INFO|Thread-51|log|   key: LOCAL_LOGGED_IN_USERS is: [Ledu.csus.ecs.pc2.core.model.ClientId; [Ledu.csus.ecs.pc2.core.model.ClientId;@7603104b
230713 061237.175|INFO|Thread-51|log|   key: SERVER_CLOCK_OFFSET is: java.util.GregorianCalendar java.util.GregorianCalendar[time=1689243157119,areFieldsSet=true,areAllFieldsSet=false,lenient=true,zone=sun.util.calendar.ZoneInfo[id="GMT",offset=0,dstSavings=0,useDaylight=false,transitions=0,lastRule=null],firstDayOfWeek=1,minimalDaysInFirstWeek=1,ERA=1,YEAR=2023,MONTH=6,WEEK_OF_YEAR=28,WEEK_OF_MONTH=3,DAY_OF_MONTH=13,DAY_OF_YEAR=194,DAY_OF_WEEK=5,DAY_OF_WEEK_IN_MONTH=2,AM_PM=0,HOUR=10,HOUR_OF_DAY=10,MINUTE=12,SECOND=37,MILLISECOND=119,ZONE_OFFSET=0,DST_OFFSET=0]
230713 061237.176|INFO|Thread-51|log|   key: CONTEST_IDENTIFIER is: java.lang.String Default-9016445944726128161
230713 061237.176|INFO|Thread-51|log|   key: BALLOON_SETTINGS_LIST is: [Ledu.csus.ecs.pc2.core.model.BalloonSettings; [Ledu.csus.ecs.pc2.core.model.BalloonSettings;@301abb1f
230713 061237.176|INFO|Thread-51|log|   key: RUN_LIST is: [Ledu.csus.ecs.pc2.core.model.Run; [Ledu.csus.ecs.pc2.core.model.Run;@52c68e49
230713 061237.176|INFO|Thread-51|log|   key: ACCOUNT_ARRAY is: [Ledu.csus.ecs.pc2.core.model.Account; [Ledu.csus.ecs.pc2.core.model.Account;@66cdea77
230713 061716.871|INFO|Thread-49|log|connectionDropped(ConnectionHandlerID myConnectionID) 
